INF Starting service=hive-dnstap-integrator
DBG Dialling uri=amqps://xxxxx@mono.gbenson.net/?heartbeat=60
DBG Creating subchannel kind=consumer uri=amqps://xxxxx@mono.gbenson.net/?heartbeat=60
DBG Declaring exchange name=hive.dnstap.events uri=amqps://xxxxx@mono.gbenson.net/?heartbeat=60
DBG Declaring queue name=dnstap.integrator.dnstap.events-HHM4PVA3 uri=amqps://xxxxx@mono.gbenson.net/?heartbeat=60
INF Consuming events queue=dnstap.integrator.dnstap.events-HHM4PVA3 route=dnstap.events
INF Received id=a40b7725-faa8-4d32-802c-705e34ce3ad3 query=";graph.facebook.com.\tIN\t A"
INF Received id=d1c49bc7-7da8-444c-a3a8-72d3ad69133b query=";graph.facebook.com.\tIN\t A"
INF Received id=8b432f4a-5e56-4431-bf7d-5f3361c24c31 query=";www.google.com.\tIN\t A"
INF Received id=76470ca9-e092-429f-97cd-df5e68ff331e query=";g.whatsapp.net.\tIN\t A"
INF Received id=e13d94b7-1315-4071-a713-35b582e431f2 query=";g.whatsapp.net.\tIN\t A"
INF Received id=c04c7309-5ba0-4cdf-9825-f64a8fb80409 query=";wikipedia.org.\tIN\t A"
INF Received id=a04ad983-525d-4c1b-94fd-5db31a33d539 query=";amazon.com.\tIN\t A"
INF Received id=d409aa2a-286f-4e0a-86e3-1f0714e8a293 query=";amazon.com.\tIN\t A"
INF Received id=a0925b72-28fa-4b32-8c46-c44f8a42e49e query=";clientservices.googleapis.com.\tIN\t A"
INF Received id=bf2d18ef-efdd-4cd7-8ce1-77b9c6fbc71a query=";clientservices.googleapis.com.\tIN\t TYPE65"
INF Received id=be8cd6b0-df59-4d43-8ab3-eef426819988 query=";clientservices.googleapis.com.\tIN\t A"
INF Received id=321a30a5-ed7e-4427-9092-f698108ae096 query=";clientservices.googleapis.com.\tIN\t TYPE65"
INF Received id=c6e8b562-ed42-4b82-96de-6194aa5d5894 query=";ssl.gstatic.com.\tIN\t A"
INF Received id=1dca7133-ce7c-4439-be42-3454ed699569 query=";ssl.gstatic.com.\tIN\t TYPE65"
INF Received id=1a68576a-8d2e-4231-ac42-e0bd7799b96e query=";ssl.gstatic.com.\tIN\t A"
INF Received id=5d101f12-3aa7-4f23-b99f-28077c36de26 query=";ssl.gstatic.com.\tIN\t TYPE65"
INF Received id=907dbd0d-065e-4101-bfed-5e06b1fd02f0 query=";ssl.gstatic.com.\tIN\t A"
INF Received id=228d8160-b455-42ac-8177-3abcb62cb726 query=";ssl.gstatic.com.\tIN\t TYPE65"
INF Received id=2f7a8c91-3099-469a-91bb-bc2a79fa9baa query=";api-lp1.pctl.srv.nintendo.net.\tIN\t A"
INF Received id=ecca574c-83fe-4596-9e65-6055af937bed query=";youtubei.googleapis.com.\tIN\t A"
INF Received id=cf9ad1eb-cb31-46d7-8fde-d3f350505809 query=";www.youtube.com.\tIN\t AAAA"
INF Received id=ed5b2c71-b5b0-407e-985d-e0a3fb66626e query=";www.youtube.com.\tIN\t A"
INF Received id=a3249433-b12e-4603-a8dc-8f4c630e05d5 query=";youtubei.googleapis.com.\tIN\t A"
WRN Out of sequence!
INF Received id=39204144-194b-4d10-bfd9-aa7b4bbc6166 query=";www.youtube.com.\tIN\t AAAA"
INF Received id=d37142b6-fbe5-467d-bf0d-8b4bd0a80704 query=";www.youtube.com.\tIN\t A"
INF Received id=a536c5fd-7b02-4b2e-9093-d81c3194a857 query=";assets.revolut.com.\tIN\t A"
INF Received id=1e9d1230-ed90-430f-a979-0bc5ad6adaeb query=";assets.revolut.com.\tIN\t AAAA"
INF Received id=b361f906-ccfb-4a0b-9343-e5b8bf0acc15 query=";assets.revolut.com.\tIN\t A"
INF Received id=012638a7-8beb-4e86-8126-769eeafcd66b query=";assets.revolut.com.\tIN\t AAAA"
INF Received id=511ddfd7-1763-464a-aea8-b419880d77cf query=";wikipedia.org.\tIN\t A"
INF Received id=6cd5839e-1adf-4581-983b-177ac8ecb5ba query=";amazon.com.\tIN\t A"
INF Received id=5d49a501-6bb5-4a20-8036-75cdd615d430 query=";crashlyticsreports-pa.googleapis.com.\tIN\t A"
INF Received id=c6b42cad-6071-4a83-adf5-78fbdd0ab942 query=";crashlyticsreports-pa.googleapis.com.\tIN\t AAAA"
INF Received id=2f36ba18-ea70-4959-83c1-8928d9773188 query=";wikipedia.org.\tIN\t A"
WRN Out of sequence!
INF Received id=e2b5d103-c194-48b2-9704-d809ba7925ff query=";crashlyticsreports-pa.googleapis.com.\tIN\t A"
INF Received id=6e3fc12c-a7de-47a0-8f9e-5b25dc56e2c0 query=";crashlyticsreports-pa.googleapis.com.\tIN\t AAAA"
INF Received id=b2fd1cba-979f-4d7f-95bc-deb0dea95562 query=";www.google.com.\tIN\t A"
INF Received id=056b3b0b-6679-41d2-adb3-86ef73c6c73c query=";www.google.com.\tIN\t A"
INF Received id=f90a0a99-420d-4612-a049-c3594013bd90 query=";mon16-normal-no1a.tiktokv.eu.\tIN\t A"
INF Received id=7607320d-2f9c-4e6d-ad70-efd9e8abe1a3 query=";mon16-normal-no1a.tiktokv.eu.\tIN\t A"
INF Received id=e1df32f9-7ae9-4edc-9420-042609781c3d query=";rr3---sn-aigzrnss.googlevideo.com.\tIN\t AAAA"
INF Received id=7098a905-16e2-4d27-ab35-d6563f0a9816 query=";rr3---sn-aigzrnss.googlevideo.com.\tIN\t A"
INF Received id=2dabe068-8a97-496d-8f1e-b0280005a7cb query=";rr3---sn-aigzrnss.googlevideo.com.\tIN\t AAAA"
INF Received id=98bf72fb-c34d-4152-b897-5f4c6fef8fb1 query=";rr3---sn-aigzrnss.googlevideo.com.\tIN\t A"
INF Received id=c1ad8f1a-59fb-4744-b528-9800f851be21 query=";api16-normal-no1a.tiktokv.eu.\tIN\t A"
INF Received id=25e5d3d4-ba70-4eff-8f41-b14de88bc095 query=";api16-normal-no1a.tiktokv.eu.\tIN\t A"
